[0m[2m[35m$[0m [2m[1mnext build[0m
[1m[38;2;173;127;168m▲ Next.js 16.2.9[39m[22m (Turbopack)

[MDX] generated files in 9.570208000000093ms
[37m[1m [22m[39m Creating an optimized production build ...

> Build error occurred
Error: Turbopack build failed with 1 errors:
./packages/core/dist/index.js:4983:1
Export [32mhomedir[39m doesn't exist in target module
  [90m4981 |[0m [36mimport[0m { readFileSync, writeFileSync, mkdirSync, existsSync } [36mfrom[0m [32m"fs"[0m;
  [90m4982 |[0m [36mimport[0m { dirname } [36mfrom[0m [32m"path"[0m;
[31m[1m>[0m [90m4983 |[0m [36mimport[0m { homedir } [36mfrom[0m [32m"os"[0m;
  [90m     |[0m [31m[1m^^^^^^^^^^^^^^^^^^^^^^^^^^^^^[0m
  [90m4984 |[0m [36mvar[0m [33mSession[0m = [36mclass[0m {
  [90m4985 |[0m   constructor(_options = {}) {
  [90m4986 |[0m     [36mthis[0m._options = _options;

The export [32mhomedir[39m was not found in module [1m[31m[project]/website/src/lib/empty.js [app-client] (ecmascript)[39m[22m.
Did you mean to import [32mdefault[39m?
All exports of the module are statically known (It doesn't have dynamic exports). So it's known statically that the requested export doesn't exist.

Import trace:
  Client Component Browser:
    ./packages/core/dist/index.js [Client Component Browser]
    ./packages/widgets/dist/index.js [Client Component Browser]
    ./website/src/data/demos.ts [Client Component Browser]
    ./website/src/components/docs/BrowserPreviewLoaderInner.tsx [Client Component Browser]
    ./website/src/components/docs/BrowserPreviewLoader.tsx [Client Component Browser]
    ./website/src/components/docs/BrowserPreviewLoader.tsx [Server Component]
    ./website/src/app/components/[slug]/page.tsx [Server Component]


    at <unknown> (./packages/core/dist/index.js:4983:1)
[0m[31merror[0m[2m:[0m script [1m"build"[0m exited with code 1[0m
